<?xml version="1.0" encoding="UTF-8"?>
<!-- Generated by org.testng.reporters.JUnitXMLReporter -->
<testsuite hostname="megha3147629" ignored="0" name="Default test" tests="3" failures="0" timestamp="25 Oct 2020 08:01:06 GMT" time="64.088" errors="0">
  <testcase name="feature" time="18.721" classname="cucumber.api.testng.AbstractTestNGCucumberTests"/>
  <testcase name="feature" time="15.787" classname="cucumber.api.testng.AbstractTestNGCucumberTests"/>
  <testcase name="feature" time="29.002" classname="cucumber.api.testng.AbstractTestNGCucumberTests"/>
</testsuite> <!-- Default test -->
