<?xml version="1.0" encoding="UTF-8"?>
<!-- Generated by org.testng.reporters.JUnitXMLReporter -->
<testsuite hostname="megha3147629" ignored="0" name="Test" tests="3" failures="0" timestamp="25 Oct 2020 07:50:19 GMT" time="67.28" errors="0">
  <testcase name="feature" time="19.174" classname="cucumber.api.testng.AbstractTestNGCucumberTests"/>
  <testcase name="feature" time="16.977" classname="cucumber.api.testng.AbstractTestNGCucumberTests"/>
  <testcase name="feature" time="30.053" classname="cucumber.api.testng.AbstractTestNGCucumberTests"/>
</testsuite> <!-- Test -->
