<?xml version="1.0" encoding="UTF-8"?>
<testng-results skipped="0" failed="0" ignored="0" total="3" passed="3">
  <reporter-output>
  </reporter-output>
  <suite name="Default suite" duration-ms="64088" started-at="2020-10-25T08:00:02Z" finished-at="2020-10-25T08:01:06Z">
    <groups>
      <group name="cucumber">
        <method signature="AbstractTestNGCucumberTests.feature(cucumber.api.testng.CucumberFeatureWrapper)[pri:0, instance:Runner.TestRunner@1700915]" name="feature" class="cucumber.api.testng.AbstractTestNGCucumberTests"/>
      </group> <!-- cucumber -->
    </groups>
    <test name="Default test" duration-ms="64088" started-at="2020-10-25T08:00:02Z" finished-at="2020-10-25T08:01:06Z">
      <class name="Runner.TestRunner">
        <test-method status="PASS" signature="startAppium()[pri:0, instance:Runner.TestRunner@1700915]" name="startAppium" is-config="true" duration-ms="881" started-at="2020-10-25T13:30:01Z" finished-at="2020-10-25T13:30:02Z">
          <reporter-output>
          </reporter-output>
        </test-method> <!-- startAppium -->
        <test-method status="PASS" signature="setUpClass()[pri:0, instance:Runner.TestRunner@1700915]" name="setUpClass" is-config="true" duration-ms="201" started-at="2020-10-25T13:30:02Z" finished-at="2020-10-25T13:30:02Z">
          <reporter-output>
          </reporter-output>
        </test-method> <!-- setUpClass -->
        <test-method status="PASS" signature="feature(cucumber.api.testng.CucumberFeatureWrapper)[pri:0, instance:Runner.TestRunner@1700915]" name="feature" duration-ms="18721" started-at="2020-10-25T13:30:02Z" description="Runs Cucumber Feature" data-provider="features" finished-at="2020-10-25T13:30:21Z">
          <params>
            <param index="0">
              <value>
                <![CDATA[Twitter Icon should be visible on the login screen and users should be able to click on it.]]>
              </value>
            </param>
          </params>
          <reporter-output>
          </reporter-output>
        </test-method> <!-- feature -->
        <test-method status="PASS" signature="feature(cucumber.api.testng.CucumberFeatureWrapper)[pri:0, instance:Runner.TestRunner@1700915]" name="feature" duration-ms="15787" started-at="2020-10-25T13:30:21Z" description="Runs Cucumber Feature" data-provider="features" finished-at="2020-10-25T13:30:36Z">
          <params>
            <param index="0">
              <value>
                <![CDATA[Verify that the user lanches the app and login screen is visible]]>
              </value>
            </param>
          </params>
          <reporter-output>
          </reporter-output>
        </test-method> <!-- feature -->
        <test-method status="PASS" signature="feature(cucumber.api.testng.CucumberFeatureWrapper)[pri:0, instance:Runner.TestRunner@1700915]" name="feature" duration-ms="29002" started-at="2020-10-25T13:30:36Z" description="Runs Cucumber Feature" data-provider="features" finished-at="2020-10-25T13:31:05Z">
          <params>
            <param index="0">
              <value>
                <![CDATA[User should be able to login to Game.tv through the twitter option.]]>
              </value>
            </param>
          </params>
          <reporter-output>
          </reporter-output>
        </test-method> <!-- feature -->
        <test-method status="PASS" signature="writeExtentReport()[pri:0, instance:Runner.TestRunner@1700915]" name="writeExtentReport" is-config="true" duration-ms="13" started-at="2020-10-25T13:31:05Z" finished-at="2020-10-25T13:31:05Z">
          <reporter-output>
          </reporter-output>
        </test-method> <!-- writeExtentReport -->
        <test-method status="PASS" signature="tearDownClass()[pri:0, instance:Runner.TestRunner@1700915]" name="tearDownClass" is-config="true" duration-ms="257" started-at="2020-10-25T13:31:05Z" finished-at="2020-10-25T13:31:06Z">
          <reporter-output>
          </reporter-output>
        </test-method> <!-- tearDownClass -->
        <test-method status="PASS" signature="stopAppium()[pri:0, instance:Runner.TestRunner@1700915]" name="stopAppium" is-config="true" duration-ms="0" started-at="2020-10-25T13:31:06Z" finished-at="2020-10-25T13:31:06Z">
          <reporter-output>
          </reporter-output>
        </test-method> <!-- stopAppium -->
      </class> <!-- Runner.TestRunner -->
    </test> <!-- Default test -->
  </suite> <!-- Default suite -->
</testng-results>
